La génération a démarré 28/11/2024 11:06:49.
La verbosité de la journalisation a la valeur Normal.     1>Projet "C:\Users\PC\source\repos\DylanHollemaertAppSFML\SFMLApp\DylanHollemaertAppSFML\DylanHollemaertAppSFML.vcxproj" sur le nœud 2 (Build cible(s)).
     1>PrepareForBuild:
         La sortie structurée est activée. La mise en forme du compilateur diagnostics reflète la hiérarchie des erreurs. Pour plus d’informations, consultez https://aka.ms/cpp/structured-output.
       InitializeBuildStatus:
         Mise à jour de l'horodatage "x64\Release\DylanHol.5d35a9d5.tlog\unsuccessfulbuild".
       ClCompile:
         Toutes les sorties sont à jour.
       Link:
         D:\Microsoft Visual Studio\2022\Community\VC\Tools\MSVC\14.42.34433\bin\HostX64\x64\link.exe /ERRORREPORT:PROMPT /OUT:"C:\Users\PC\source\repos\DylanHollemaertAppSFML\SFMLApp\x64\Release\DylanHollemaertAppSFML.exe" /NOLOGO /LIBPATH:C:\Users\PC\source\repos\DylanHollemaertAppSFML\SFMLApp\lib "sfml-system.lib" "sfml-window.lib" "sfml-graphics.lib" "sfml-audio.lib" "sfml-network.lib" /MANIFEST /MANIFESTUAC:"level='asInvoker' uiAccess='false'" /manifest:embed /DEBUG /PDB:"C:\Users\PC\source\repos\DylanHollemaertAppSFML\SFMLApp\x64\Release\DylanHollemaertAppSFML.pdb" /SUBSYSTEM:CONSOLE /OPT:REF /OPT:ICF /LTCG:incremental /LTCGOUT:"x64\Release\DylanHollemaertAppSFML.iobj" /TLBID:1 /DYNAMICBASE /NXCOMPAT /IMPLIB:"C:\Users\PC\source\repos\DylanHollemaertAppSFML\SFMLApp\x64\Release\DylanHollemaertAppSFML.lib" /MACHINE:X64 x64\Release\DylanHollemaertAppSFML.obj
         x64\Release\Game.obj
     1>LINK : fatal error LNK1104: impossible d'ouvrir le fichier 'C:\Users\PC\source\repos\DylanHollemaertAppSFML\SFMLApp\x64\Release\DylanHollemaertAppSFML.exe'
     1>Génération du projet "C:\Users\PC\source\repos\DylanHollemaertAppSFML\SFMLApp\DylanHollemaertAppSFML\DylanHollemaertAppSFML.vcxproj" terminée (Build cible(s)) -- ÉCHEC.

ÉCHEC de la build.

       "C:\Users\PC\source\repos\DylanHollemaertAppSFML\SFMLApp\DylanHollemaertAppSFML\DylanHollemaertAppSFML.vcxproj" (Build cible) (1) ->
       (Link cible) -> 
         LINK : fatal error LNK1104: impossible d'ouvrir le fichier 'C:\Users\PC\source\repos\DylanHollemaertAppSFML\SFMLApp\x64\Release\DylanHollemaertAppSFML.exe'

    0 Avertissement(s)
    1 Erreur(s)

Temps écoulé 00:00:00.55
